<?xml version="1.0" encoding="UTF-8"?>
<testsuites name="EC Legacy Regression Testing, OPSUI(eSOA Enhancement)" time="50.284" tests="4" failures="1" errors="0">
   <testsuite name="EC Legacy Regression Testing, OPSUI(eSOA Enhancement)" tests="4" failures="1" errors="0" time="50.284" skipped="0" timestamp="28-10-2024T11:06:52" hostname="pfeniza - ENIC-KSANTOS.eurogroup.local" id="Test Suites/EC Legacy Regression Testing, OPSUI(eSOA Enhancement)">
      <properties>
         <property name="deviceName" value=""/>
         <property name="devicePlatform"/>
         <property name="logFolder" value="C:\\Users\\pfeniza\\git\\katalon-platform\\Reports\\20241028_110642\\EC Legacy Regression Testing, OPSUI(eSOA Enhancement)\\20241028_110642"/>
         <property name="logFiles" value="C:\\Users\\pfeniza\\git\\katalon-platform\\Reports\\20241028_110642\\EC Legacy Regression Testing, OPSUI(eSOA Enhancement)\\20241028_110642\\execution0.log"/>
         <property name="attachments" value=""/>
         <property name="hostName" value="pfeniza - ENIC-KSANTOS.eurogroup.local"/>
         <property name="os" value="Windows 10 64bit"/>
         <property name="katalonVersion" value="9.7.2.223"/>
         <property name="browser" value="Chrome 130.0.0.0"/>
         <property name="hostAddress" value="10.81.234.6"/>
         <property name="sessionId" value="477c7c72e75d3caacf548ff1bd7ba5c6"/>
         <property name="seleniumVersion" value="3.141.59"/>
         <property name="proxyInformation" value="ProxyInformation { proxyOption=NO_PROXY, proxyServerType=HTTP, username=, password=********, proxyServerAddress=, proxyServerPort=0, executionList=&quot;&quot;, isApplyToDesiredCapabilities=true }"/>
         <property name="platform" value="Windows 10"/>
      </properties>
      <testcase name="Test Cases/EasyClaimLegacyLoginAndHospitalAndUser" time="25.276" classname="Test Cases/EasyClaimLegacyLoginAndHospitalAndUser" status="PASSED">
         <system-out><![CDATA[28-10-2024T11:06:52 - [TEST_CASE][PASSED] - Test Cases/EasyClaimLegacyLoginAndHospitalAndUser: Test Cases/EasyClaimLegacyLoginAndHospitalAndUser

28-10-2024T11:06:53 - [TEST_STEP][PASSED] - openBrowser(""): Browser is opened with url: ''

28-10-2024T11:06:53 - [MESSAGE][INFO] - Starting 'Chrome' driver

28-10-2024T11:06:53 - [MESSAGE][INFO] - Action delay is set to 0 milliseconds

28-10-2024T11:06:54 - [MESSAGE][PASSED] - Browser is opened with url: ''

28-10-2024T11:06:54 - [TEST_STEP][PASSED] - navigateToUrl("http://172.30.1.26/OPSUI.EasyClaims.Legacy/Account/Login?ReturnUrl=%2FOPSUI.EasyClaims.Legacy%2F"): Navigate to 'http://172.30.1.26/OPSUI.EasyClaims.Legacy/Account/Login?ReturnUrl=%2FOPSUI.EasyClaims.Legacy%2F' successfully

28-10-2024T11:06:56 - [MESSAGE][PASSED] - Navigate to 'http://172.30.1.26/OPSUI.EasyClaims.Legacy/Account/Login?ReturnUrl=%2FOPSUI.EasyClaims.Legacy%2F' successfully

28-10-2024T11:06:56 - [TEST_STEP][PASSED] - maximizeWindow(): Current window maximized

28-10-2024T11:06:56 - [MESSAGE][PASSED] - Current window maximized

28-10-2024T11:06:56 - [TEST_STEP][PASSED] - setText(findTestObject("Object Repository/Page_Login, User, Hospital - Easy Claims/input_Username_Username"), "patche@admin"): Text 'patche@admin' is set on object 'Object Repository/Page_Login, User, Hospital - Easy Claims/input_Username_Username'

28-10-2024T11:06:57 - [MESSAGE][PASSED] - Text 'patche@admin' is set on object 'Object Repository/Page_Login, User, Hospital - Easy Claims/input_Username_Username'

28-10-2024T11:06:57 - [TEST_STEP][PASSED] - setEncryptedText(findTestObject("Object Repository/Page_Login, User, Hospital - Easy Claims/input_Password_Password"), "nwr9I1qT+J0GbQ++JlYjHw=="): Text ****** has been set on object 'Object Repository/Page_Login, User, Hospital - Easy Claims/input_Password_Password'

28-10-2024T11:06:57 - [MESSAGE][PASSED] - Text ****** has been set on object 'Object Repository/Page_Login, User, Hospital - Easy Claims/input_Password_Password'

28-10-2024T11:06:57 - [TEST_STEP][PASSED] - sendKeys(findTestObject("Object Repository/Page_Login, User, Hospital - Easy Claims/input_Password_Password"), Keys.chord(ENTER)): Keys 'ENTER + ' sent to object: 'Object Repository/Page_Login, User, Hospital - Easy Claims/input_Password_Password'

28-10-2024T11:06:58 - [MESSAGE][PASSED] - Keys 'ENTER + ' sent to object: 'Object Repository/Page_Login, User, Hospital - Easy Claims/input_Password_Password'

28-10-2024T11:06:58 - [TEST_STEP][PASSED] - click(findTestObject("Object Repository/Page_Login, User, Hospital - Easy Claims/Page_Connect - Easy Claims/span_Control Panel")): Object: 'Object Repository/Page_Login, User, Hospital - Easy Claims/Page_Connect - Easy Claims/span_Control Panel' is clicked on

28-10-2024T11:07:01 - [MESSAGE][PASSED] - Object: 'Object Repository/Page_Login, User, Hospital - Easy Claims/Page_Connect - Easy Claims/span_Control Panel' is clicked on

28-10-2024T11:07:01 - [TEST_STEP][PASSED] - navigateToUrl("http://172.30.1.26/OPSUI.EasyClaims.Legacy/ControlPanel"): Navigate to 'http://172.30.1.26/OPSUI.EasyClaims.Legacy/ControlPanel' successfully

28-10-2024T11:07:02 - [MESSAGE][PASSED] - Navigate to 'http://172.30.1.26/OPSUI.EasyClaims.Legacy/ControlPanel' successfully

28-10-2024T11:07:02 - [TEST_STEP][PASSED] - click(findTestObject("Object Repository/Page_Login, User, Hospital - Easy Claims/Page_Control Panel - Easy Claims/span_Hospital Information (offline mode)")): Object: 'Object Repository/Page_Login, User, Hospital - Easy Claims/Page_Control Panel - Easy Claims/span_Hospital Information (offline mode)' is clicked on

28-10-2024T11:07:04 - [MESSAGE][PASSED] - Object: 'Object Repository/Page_Login, User, Hospital - Easy Claims/Page_Control Panel - Easy Claims/span_Hospital Information (offline mode)' is clicked on

28-10-2024T11:07:04 - [TEST_STEP][PASSED] - click(findTestObject("Object Repository/Page_Login, User, Hospital - Easy Claims/Page_Control Panel - Easy Claims/input_b1 l1 bf homes, exchange 05 PAGPARTIA_a9fde9")): Object: 'Object Repository/Page_Login, User, Hospital - Easy Claims/Page_Control Panel - Easy Claims/input_b1 l1 bf homes, exchange 05 PAGPARTIA_a9fde9' is clicked on

28-10-2024T11:07:05 - [MESSAGE][PASSED] - Object: 'Object Repository/Page_Login, User, Hospital - Easy Claims/Page_Control Panel - Easy Claims/input_b1 l1 bf homes, exchange 05 PAGPARTIA_a9fde9' is clicked on

28-10-2024T11:07:05 - [TEST_STEP][PASSED] - setText(findTestObject("Object Repository/Page_Login, User, Hospital - Easy Claims/Page_Control Panel - Easy Claims/input_Username_ConnectUserName"), "PRO4A_DEPTMCAH_JMC_01"): Text 'PRO4A_DEPTMCAH_JMC_01' is set on object 'Object Repository/Page_Login, User, Hospital - Easy Claims/Page_Control Panel - Easy Claims/input_Username_ConnectUserName'

28-10-2024T11:07:05 - [MESSAGE][PASSED] - Text 'PRO4A_DEPTMCAH_JMC_01' is set on object 'Object Repository/Page_Login, User, Hospital - Easy Claims/Page_Control Panel - Easy Claims/input_Username_ConnectUserName'

28-10-2024T11:07:06 - [TEST_STEP][PASSED] - setEncryptedText(findTestObject("Object Repository/Page_Login, User, Hospital - Easy Claims/Page_Control Panel - Easy Claims/input_Password_ConnectPassword"), "Ov4DKeIvXLiGp9jFpjbR/w=="): Text ****** has been set on object 'Object Repository/Page_Login, User, Hospital - Easy Claims/Page_Control Panel - Easy Claims/input_Password_ConnectPassword'

28-10-2024T11:07:06 - [MESSAGE][PASSED] - Text ****** has been set on object 'Object Repository/Page_Login, User, Hospital - Easy Claims/Page_Control Panel - Easy Claims/input_Password_ConnectPassword'

28-10-2024T11:07:06 - [TEST_STEP][PASSED] - click(findTestObject("Object Repository/Page_Login, User, Hospital - Easy Claims/Page_Control Panel - Easy Claims/input_Password_k-button k-primary")): Object: 'Object Repository/Page_Login, User, Hospital - Easy Claims/Page_Control Panel - Easy Claims/input_Password_k-button k-primary' is clicked on

28-10-2024T11:07:06 - [MESSAGE][PASSED] - Object: 'Object Repository/Page_Login, User, Hospital - Easy Claims/Page_Control Panel - Easy Claims/input_Password_k-button k-primary' is clicked on

28-10-2024T11:07:06 - [TEST_STEP][PASSED] - click(findTestObject("Object Repository/Page_Login, User, Hospital - Easy Claims/Page_Control Panel - Easy Claims/div_Hospital Code                          _698c28")): Object: 'Object Repository/Page_Login, User, Hospital - Easy Claims/Page_Control Panel - Easy Claims/div_Hospital Code                          _698c28' is clicked on

28-10-2024T11:07:09 - [MESSAGE][PASSED] - Object: 'Object Repository/Page_Login, User, Hospital - Easy Claims/Page_Control Panel - Easy Claims/div_Hospital Code                          _698c28' is clicked on

28-10-2024T11:07:09 - [TEST_STEP][PASSED] - setText(findTestObject("Object Repository/Page_Login, User, Hospital - Easy Claims/Page_Control Panel - Easy Claims/input_Hospital Email_Hospital.HospitalEmail"), "peter@gmail.com"): Text 'peter@gmail.com' is set on object 'Object Repository/Page_Login, User, Hospital - Easy Claims/Page_Control Panel - Easy Claims/input_Hospital Email_Hospital.HospitalEmail'

28-10-2024T11:07:09 - [MESSAGE][PASSED] - Text 'peter@gmail.com' is set on object 'Object Repository/Page_Login, User, Hospital - Easy Claims/Page_Control Panel - Easy Claims/input_Hospital Email_Hospital.HospitalEmail'

28-10-2024T11:07:09 - [TEST_STEP][PASSED] - click(findTestObject("Object Repository/Page_Login, User, Hospital - Easy Claims/Page_Control Panel - Easy Claims/div_Hospital Code                          _698c28")): Object: 'Object Repository/Page_Login, User, Hospital - Easy Claims/Page_Control Panel - Easy Claims/div_Hospital Code                          _698c28' is clicked on

28-10-2024T11:07:10 - [MESSAGE][PASSED] - Object: 'Object Repository/Page_Login, User, Hospital - Easy Claims/Page_Control Panel - Easy Claims/div_Hospital Code                          _698c28' is clicked on

28-10-2024T11:07:10 - [TEST_STEP][PASSED] - click(findTestObject("Object Repository/Page_Login, User, Hospital - Easy Claims/Page_Control Panel - Easy Claims/li")): Object: 'Object Repository/Page_Login, User, Hospital - Easy Claims/Page_Control Panel - Easy Claims/li' is clicked on

28-10-2024T11:07:10 - [MESSAGE][PASSED] - Object: 'Object Repository/Page_Login, User, Hospital - Easy Claims/Page_Control Panel - Easy Claims/li' is clicked on

28-10-2024T11:07:10 - [TEST_STEP][PASSED] - click(findTestObject("Object Repository/Page_Login, User, Hospital - Easy Claims/Page_Control Panel - Easy Claims/span_User Management")): Object: 'Object Repository/Page_Login, User, Hospital - Easy Claims/Page_Control Panel - Easy Claims/span_User Management' is clicked on

28-10-2024T11:07:11 - [MESSAGE][PASSED] - Object: 'Object Repository/Page_Login, User, Hospital - Easy Claims/Page_Control Panel - Easy Claims/span_User Management' is clicked on

28-10-2024T11:07:11 - [TEST_STEP][PASSED] - click(findTestObject("Object Repository/Page_Login, User, Hospital - Easy Claims/Page_Control Panel - Easy Claims/input_samplegmail.com_addUserBtn")): Object: 'Object Repository/Page_Login, User, Hospital - Easy Claims/Page_Control Panel - Easy Claims/input_samplegmail.com_addUserBtn' is clicked on

28-10-2024T11:07:11 - [MESSAGE][PASSED] - Object: 'Object Repository/Page_Login, User, Hospital - Easy Claims/Page_Control Panel - Easy Claims/input_samplegmail.com_addUserBtn' is clicked on

28-10-2024T11:07:11 - [TEST_STEP][PASSED] - click(findTestObject("Object Repository/Page_Login, User, Hospital - Easy Claims/Page_Control Panel - Easy Claims/span_SELECT ONE_k-icon k-i-arrow-60-down")): Object: 'Object Repository/Page_Login, User, Hospital - Easy Claims/Page_Control Panel - Easy Claims/span_SELECT ONE_k-icon k-i-arrow-60-down' is clicked on

28-10-2024T11:07:12 - [MESSAGE][PASSED] - Object: 'Object Repository/Page_Login, User, Hospital - Easy Claims/Page_Control Panel - Easy Claims/span_SELECT ONE_k-icon k-i-arrow-60-down' is clicked on

28-10-2024T11:07:12 - [TEST_STEP][PASSED] - click(findTestObject("Object Repository/Page_Login, User, Hospital - Easy Claims/Page_Control Panel - Easy Claims/li_Dr. Erlinda P. Tolentino Medical Clinic _78c317")): Object: 'Object Repository/Page_Login, User, Hospital - Easy Claims/Page_Control Panel - Easy Claims/li_Dr. Erlinda P. Tolentino Medical Clinic _78c317' is clicked on

28-10-2024T11:07:12 - [MESSAGE][PASSED] - Object: 'Object Repository/Page_Login, User, Hospital - Easy Claims/Page_Control Panel - Easy Claims/li_Dr. Erlinda P. Tolentino Medical Clinic _78c317' is clicked on

28-10-2024T11:07:12 - [TEST_STEP][PASSED] - setText(findTestObject("Object Repository/Page_Login, User, Hospital - Easy Claims/Page_Control Panel - Easy Claims/input_Username_Username"), "patcheadmin3"): Text 'patcheadmin3' is set on object 'Object Repository/Page_Login, User, Hospital - Easy Claims/Page_Control Panel - Easy Claims/input_Username_Username'

28-10-2024T11:07:13 - [MESSAGE][PASSED] - Text 'patcheadmin3' is set on object 'Object Repository/Page_Login, User, Hospital - Easy Claims/Page_Control Panel - Easy Claims/input_Username_Username'

28-10-2024T11:07:13 - [TEST_STEP][PASSED] - setEncryptedText(findTestObject("Object Repository/Page_Login, User, Hospital - Easy Claims/Page_Control Panel - Easy Claims/input_Password_Password"), "nwr9I1qT+J0GbQ++JlYjHw=="): Text ****** has been set on object 'Object Repository/Page_Login, User, Hospital - Easy Claims/Page_Control Panel - Easy Claims/input_Password_Password'

28-10-2024T11:07:13 - [MESSAGE][PASSED] - Text ****** has been set on object 'Object Repository/Page_Login, User, Hospital - Easy Claims/Page_Control Panel - Easy Claims/input_Password_Password'

28-10-2024T11:07:13 - [TEST_STEP][PASSED] - setEncryptedText(findTestObject("Object Repository/Page_Login, User, Hospital - Easy Claims/Page_Control Panel - Easy Claims/input_Confirm password_ConfirmPassword"), "nwr9I1qT+J0GbQ++JlYjHw=="): Text ****** has been set on object 'Object Repository/Page_Login, User, Hospital - Easy Claims/Page_Control Panel - Easy Claims/input_Confirm password_ConfirmPassword'

28-10-2024T11:07:14 - [MESSAGE][PASSED] - Text ****** has been set on object 'Object Repository/Page_Login, User, Hospital - Easy Claims/Page_Control Panel - Easy Claims/input_Confirm password_ConfirmPassword'

28-10-2024T11:07:14 - [TEST_STEP][PASSED] - setText(findTestObject("Object Repository/Page_Login, User, Hospital - Easy Claims/Page_Control Panel - Easy Claims/input_Email_Email"), "sample@gmail.com"): Text 'sample@gmail.com' is set on object 'Object Repository/Page_Login, User, Hospital - Easy Claims/Page_Control Panel - Easy Claims/input_Email_Email'

28-10-2024T11:07:14 - [MESSAGE][PASSED] - Text 'sample@gmail.com' is set on object 'Object Repository/Page_Login, User, Hospital - Easy Claims/Page_Control Panel - Easy Claims/input_Email_Email'

28-10-2024T11:07:14 - [TEST_STEP][PASSED] - click(findTestObject("Object Repository/Page_Login, User, Hospital - Easy Claims/Page_Control Panel - Easy Claims/input_Roles_k-input k-readonly")): Object: 'Object Repository/Page_Login, User, Hospital - Easy Claims/Page_Control Panel - Easy Claims/input_Roles_k-input k-readonly' is clicked on

28-10-2024T11:07:15 - [MESSAGE][PASSED] - Object: 'Object Repository/Page_Login, User, Hospital - Easy Claims/Page_Control Panel - Easy Claims/input_Roles_k-input k-readonly' is clicked on

28-10-2024T11:07:15 - [TEST_STEP][PASSED] - sendKeys(findTestObject("Object Repository/Page_Login, User, Hospital - Easy Claims/Page_Control Panel - Easy Claims/input_Roles_k-input k-readonly"), Keys.chord(ENTER)): Keys 'ENTER + ' sent to object: 'Object Repository/Page_Login, User, Hospital - Easy Claims/Page_Control Panel - Easy Claims/input_Roles_k-input k-readonly'

28-10-2024T11:07:15 - [MESSAGE][PASSED] - Keys 'ENTER + ' sent to object: 'Object Repository/Page_Login, User, Hospital - Easy Claims/Page_Control Panel - Easy Claims/input_Roles_k-input k-readonly'

28-10-2024T11:07:15 - [TEST_STEP][PASSED] - click(findTestObject("Object Repository/Page_Login, User, Hospital - Easy Claims/Page_Control Panel - Easy Claims/div_Admin_flex-list-action")): Object: 'Object Repository/Page_Login, User, Hospital - Easy Claims/Page_Control Panel - Easy Claims/div_Admin_flex-list-action' is clicked on

28-10-2024T11:07:16 - [MESSAGE][PASSED] - Object: 'Object Repository/Page_Login, User, Hospital - Easy Claims/Page_Control Panel - Easy Claims/div_Admin_flex-list-action' is clicked on

28-10-2024T11:07:16 - [TEST_STEP][PASSED] - click(findTestObject("Object Repository/Page_Login, User, Hospital - Easy Claims/Page_Control Panel - Easy Claims/li_1")): Object: 'Object Repository/Page_Login, User, Hospital - Easy Claims/Page_Control Panel - Easy Claims/li_1' is clicked on

28-10-2024T11:07:16 - [MESSAGE][PASSED] - Object: 'Object Repository/Page_Login, User, Hospital - Easy Claims/Page_Control Panel - Easy Claims/li_1' is clicked on

28-10-2024T11:07:16 - [TEST_STEP][PASSED] - click(findTestObject("Object Repository/Page_Login, User, Hospital - Easy Claims/Page_Control Panel - Easy Claims/span_Log off")): Object: 'Object Repository/Page_Login, User, Hospital - Easy Claims/Page_Control Panel - Easy Claims/span_Log off' is clicked on

28-10-2024T11:07:18 - [MESSAGE][PASSED] - Object: 'Object Repository/Page_Login, User, Hospital - Easy Claims/Page_Control Panel - Easy Claims/span_Log off' is clicked on]]></system-out>
         <system-err><![CDATA[]]></system-err>
      </testcase>
      <testcase name="Test Cases/EasyClaimLoginCreatedAccountAndConnect" time="3.661" classname="Test Cases/EasyClaimLoginCreatedAccountAndConnect" status="PASSED">
         <system-out><![CDATA[28-10-2024T11:07:18 - [TEST_CASE][PASSED] - Test Cases/EasyClaimLoginCreatedAccountAndConnect: Test Cases/EasyClaimLoginCreatedAccountAndConnect

28-10-2024T11:07:18 - [TEST_STEP][PASSED] - navigateToUrl("http://172.30.1.26/OPSUI.EasyClaims.Legacy/Account/Login?ReturnUrl=%2FOPSUI.EasyClaims.Legacy%2F"): Navigate to 'http://172.30.1.26/OPSUI.EasyClaims.Legacy/Account/Login?ReturnUrl=%2FOPSUI.EasyClaims.Legacy%2F' successfully

28-10-2024T11:07:18 - [MESSAGE][PASSED] - Navigate to 'http://172.30.1.26/OPSUI.EasyClaims.Legacy/Account/Login?ReturnUrl=%2FOPSUI.EasyClaims.Legacy%2F' successfully

28-10-2024T11:07:18 - [TEST_STEP][PASSED] - setText(findTestObject("Object Repository/Page_LoginAccountCreatedAndConnect/Page_Login - Easy Claims/input_Username_Username"), "patcheadmin3"): Text 'patcheadmin3' is set on object 'Object Repository/Page_LoginAccountCreatedAndConnect/Page_Login - Easy Claims/input_Username_Username'

28-10-2024T11:07:19 - [MESSAGE][PASSED] - Text 'patcheadmin3' is set on object 'Object Repository/Page_LoginAccountCreatedAndConnect/Page_Login - Easy Claims/input_Username_Username'

28-10-2024T11:07:19 - [TEST_STEP][PASSED] - setEncryptedText(findTestObject("Object Repository/Page_LoginAccountCreatedAndConnect/Page_Login - Easy Claims/input_Password_Password"), "nwr9I1qT+J0GbQ++JlYjHw=="): Text ****** has been set on object 'Object Repository/Page_LoginAccountCreatedAndConnect/Page_Login - Easy Claims/input_Password_Password'

28-10-2024T11:07:19 - [MESSAGE][PASSED] - Text ****** has been set on object 'Object Repository/Page_LoginAccountCreatedAndConnect/Page_Login - Easy Claims/input_Password_Password'

28-10-2024T11:07:19 - [TEST_STEP][PASSED] - click(findTestObject("Object Repository/Page_LoginAccountCreatedAndConnect/Page_Login - Easy Claims/input_Password_submitBtn")): Object: 'Object Repository/Page_LoginAccountCreatedAndConnect/Page_Login - Easy Claims/input_Password_submitBtn' is clicked on

28-10-2024T11:07:19 - [MESSAGE][PASSED] - Object: 'Object Repository/Page_LoginAccountCreatedAndConnect/Page_Login - Easy Claims/input_Password_submitBtn' is clicked on

28-10-2024T11:07:19 - [TEST_STEP][PASSED] - navigateToUrl("http://172.30.1.26/OPSUI.EasyClaims.Legacy/Connect?ReturnUrl=%2FOPSUI.EasyClaims.Legacy%2F"): Navigate to 'http://172.30.1.26/OPSUI.EasyClaims.Legacy/Connect?ReturnUrl=%2FOPSUI.EasyClaims.Legacy%2F' successfully

28-10-2024T11:07:20 - [MESSAGE][PASSED] - Navigate to 'http://172.30.1.26/OPSUI.EasyClaims.Legacy/Connect?ReturnUrl=%2FOPSUI.EasyClaims.Legacy%2F' successfully

28-10-2024T11:07:20 - [TEST_STEP][PASSED] - click(findTestObject("Object Repository/Page_LoginAccountCreatedAndConnect/Page_Connect - Easy Claims/input_Username_Username")): Object: 'Object Repository/Page_LoginAccountCreatedAndConnect/Page_Connect - Easy Claims/input_Username_Username' is clicked on

28-10-2024T11:07:20 - [MESSAGE][PASSED] - Object: 'Object Repository/Page_LoginAccountCreatedAndConnect/Page_Connect - Easy Claims/input_Username_Username' is clicked on

28-10-2024T11:07:20 - [TEST_STEP][PASSED] - setText(findTestObject("Object Repository/Page_LoginAccountCreatedAndConnect/Page_Connect - Easy Claims/input_Username_Username"), "PRO4A_DEPTMCAH_JMC_01"): Text 'PRO4A_DEPTMCAH_JMC_01' is set on object 'Object Repository/Page_LoginAccountCreatedAndConnect/Page_Connect - Easy Claims/input_Username_Username'

28-10-2024T11:07:21 - [MESSAGE][PASSED] - Text 'PRO4A_DEPTMCAH_JMC_01' is set on object 'Object Repository/Page_LoginAccountCreatedAndConnect/Page_Connect - Easy Claims/input_Username_Username'

28-10-2024T11:07:21 - [TEST_STEP][PASSED] - setEncryptedText(findTestObject("Object Repository/Page_LoginAccountCreatedAndConnect/Page_Connect - Easy Claims/input_Password_Password"), "Ov4DKeIvXLiGp9jFpjbR/w=="): Text ****** has been set on object 'Object Repository/Page_LoginAccountCreatedAndConnect/Page_Connect - Easy Claims/input_Password_Password'

28-10-2024T11:07:21 - [MESSAGE][PASSED] - Text ****** has been set on object 'Object Repository/Page_LoginAccountCreatedAndConnect/Page_Connect - Easy Claims/input_Password_Password'

28-10-2024T11:07:21 - [TEST_STEP][PASSED] - click(findTestObject("Object Repository/Page_LoginAccountCreatedAndConnect/Page_Connect - Easy Claims/input_Password_k-button k-primary")): Object: 'Object Repository/Page_LoginAccountCreatedAndConnect/Page_Connect - Easy Claims/input_Password_k-button k-primary' is clicked on

28-10-2024T11:07:21 - [MESSAGE][PASSED] - Object: 'Object Repository/Page_LoginAccountCreatedAndConnect/Page_Connect - Easy Claims/input_Password_k-button k-primary' is clicked on]]></system-out>
         <system-err><![CDATA[]]></system-err>
      </testcase>
      <testcase name="Test Cases/EasyClaimLegacyFileClaiming_CheckEligibility" time="20.985" classname="Test Cases/EasyClaimLegacyFileClaiming_CheckEligibility" status="PASSED">
         <system-out><![CDATA[28-10-2024T11:07:21 - [TEST_CASE][PASSED] - Test Cases/EasyClaimLegacyFileClaiming_CheckEligibility: Test Cases/EasyClaimLegacyFileClaiming_CheckEligibility

28-10-2024T11:07:21 - [TEST_STEP][PASSED] - click(findTestObject("Object Repository/Page_LoginAccountCreatedAndConnect/Page_Connect - Easy Claims/span_Claims")): Object: 'Object Repository/Page_LoginAccountCreatedAndConnect/Page_Connect - Easy Claims/span_Claims' is clicked on

28-10-2024T11:07:23 - [MESSAGE][PASSED] - Object: 'Object Repository/Page_LoginAccountCreatedAndConnect/Page_Connect - Easy Claims/span_Claims' is clicked on

28-10-2024T11:07:23 - [TEST_STEP][PASSED] - delay(5, STOP_ON_FAILURE): Delayed 5 second(s)

28-10-2024T11:07:28 - [MESSAGE][PASSED] - Delayed 5 second(s)

28-10-2024T11:07:28 - [TEST_STEP][PASSED] - click(findTestObject("Object Repository/Page_ClaimFiling - Easy Claims/Page_Home - Easy Claims/a_File Claim")): Object: 'Object Repository/Page_ClaimFiling - Easy Claims/Page_Home - Easy Claims/a_File Claim' is clicked on

28-10-2024T11:07:29 - [MESSAGE][PASSED] - Object: 'Object Repository/Page_ClaimFiling - Easy Claims/Page_Home - Easy Claims/a_File Claim' is clicked on

28-10-2024T11:07:29 - [TEST_STEP][PASSED] - navigateToUrl("http://172.30.1.26/OPSUI.EasyClaims.Legacy/Claim/Create"): Navigate to 'http://172.30.1.26/OPSUI.EasyClaims.Legacy/Claim/Create' successfully

28-10-2024T11:07:29 - [MESSAGE][PASSED] - Navigate to 'http://172.30.1.26/OPSUI.EasyClaims.Legacy/Claim/Create' successfully

28-10-2024T11:07:29 - [TEST_STEP][PASSED] - click(findTestObject("Object Repository/Page_ClaimFiling - Easy Claims/Page_File Claim - Easy Claims/input_PIN_MemberPIN")): Object: 'Object Repository/Page_ClaimFiling - Easy Claims/Page_File Claim - Easy Claims/input_PIN_MemberPIN' is clicked on

28-10-2024T11:07:30 - [MESSAGE][PASSED] - Object: 'Object Repository/Page_ClaimFiling - Easy Claims/Page_File Claim - Easy Claims/input_PIN_MemberPIN' is clicked on

28-10-2024T11:07:30 - [TEST_STEP][PASSED] - sendKeys(findTestObject("Object Repository/Page_ClaimFiling - Easy Claims/Page_File Claim - Easy Claims/input_PIN_MemberPIN"), "05-025405092-7"): Keys '05-025405092-7' sent to object: 'Object Repository/Page_ClaimFiling - Easy Claims/Page_File Claim - Easy Claims/input_PIN_MemberPIN'

28-10-2024T11:07:31 - [MESSAGE][PASSED] - Keys '05-025405092-7' sent to object: 'Object Repository/Page_ClaimFiling - Easy Claims/Page_File Claim - Easy Claims/input_PIN_MemberPIN'

28-10-2024T11:07:31 - [TEST_STEP][PASSED] - click(findTestObject("Object Repository/Page_ClaimFiling - Easy Claims/Page_File Claim - Easy Claims/div_MemberGender_DefaultMaleFemale")): Object: 'Object Repository/Page_ClaimFiling - Easy Claims/Page_File Claim - Easy Claims/div_MemberGender_DefaultMaleFemale' is clicked on

28-10-2024T11:07:31 - [MESSAGE][PASSED] - Object: 'Object Repository/Page_ClaimFiling - Easy Claims/Page_File Claim - Easy Claims/div_MemberGender_DefaultMaleFemale' is clicked on

28-10-2024T11:07:31 - [TEST_STEP][PASSED] - click(findTestObject("Object Repository/Page_ClaimFiling - Easy Claims/Page_File Claim - Easy Claims/div_kendo.syncReady(function()jQuery(Member_da9fb1")): Object: 'Object Repository/Page_ClaimFiling - Easy Claims/Page_File Claim - Easy Claims/div_kendo.syncReady(function()jQuery(Member_da9fb1' is clicked on

28-10-2024T11:07:31 - [MESSAGE][PASSED] - Object: 'Object Repository/Page_ClaimFiling - Easy Claims/Page_File Claim - Easy Claims/div_kendo.syncReady(function()jQuery(Member_da9fb1' is clicked on

28-10-2024T11:07:31 - [TEST_STEP][PASSED] - click(findTestObject("Object Repository/Page_ClaimFiling - Easy Claims/Page_File Claim - Easy Claims/input_PIN_fetchMemberBtn")): Object: 'Object Repository/Page_ClaimFiling - Easy Claims/Page_File Claim - Easy Claims/input_PIN_fetchMemberBtn' is clicked on

28-10-2024T11:07:32 - [MESSAGE][PASSED] - Object: 'Object Repository/Page_ClaimFiling - Easy Claims/Page_File Claim - Easy Claims/input_PIN_fetchMemberBtn' is clicked on

28-10-2024T11:07:32 - [TEST_STEP][PASSED] - click(findTestObject("Object Repository/Page_ClaimFiling - Easy Claims/Page_File Claim - Easy Claims/input_Male_MemberGender")): Object: 'Object Repository/Page_ClaimFiling - Easy Claims/Page_File Claim - Easy Claims/input_Male_MemberGender' is clicked on

28-10-2024T11:07:33 - [MESSAGE][PASSED] - Object: 'Object Repository/Page_ClaimFiling - Easy Claims/Page_File Claim - Easy Claims/input_Male_MemberGender' is clicked on

28-10-2024T11:07:33 - [TEST_STEP][PASSED] - sendKeys(findTestObject("Object Repository/Page_ClaimFiling - Easy Claims/Page_File Claim - Easy Claims/textarea_Mailing Address_MailingAddress"), "mail@gmail.com"): Keys 'mail@gmail.com' sent to object: 'Object Repository/Page_ClaimFiling - Easy Claims/Page_File Claim - Easy Claims/textarea_Mailing Address_MailingAddress'

28-10-2024T11:07:33 - [MESSAGE][PASSED] - Keys 'mail@gmail.com' sent to object: 'Object Repository/Page_ClaimFiling - Easy Claims/Page_File Claim - Easy Claims/textarea_Mailing Address_MailingAddress'

28-10-2024T11:07:33 - [TEST_STEP][PASSED] - click(findTestObject("Object Repository/Page_ClaimFiling - Easy Claims/Page_File Claim - Easy Claims/input_Zip Code_ZipCode")): Object: 'Object Repository/Page_ClaimFiling - Easy Claims/Page_File Claim - Easy Claims/input_Zip Code_ZipCode' is clicked on

28-10-2024T11:07:33 - [MESSAGE][PASSED] - Object: 'Object Repository/Page_ClaimFiling - Easy Claims/Page_File Claim - Easy Claims/input_Zip Code_ZipCode' is clicked on

28-10-2024T11:07:33 - [TEST_STEP][PASSED] - sendKeys(findTestObject("Object Repository/Page_ClaimFiling - Easy Claims/Page_File Claim - Easy Claims/input_Zip Code_ZipCode"), "1128"): Keys '1128' sent to object: 'Object Repository/Page_ClaimFiling - Easy Claims/Page_File Claim - Easy Claims/input_Zip Code_ZipCode'

28-10-2024T11:07:33 - [MESSAGE][PASSED] - Keys '1128' sent to object: 'Object Repository/Page_ClaimFiling - Easy Claims/Page_File Claim - Easy Claims/input_Zip Code_ZipCode'

28-10-2024T11:07:33 - [TEST_STEP][PASSED] - click(findTestObject("Object Repository/Page_ClaimFiling - Easy Claims/Page_File Claim - Easy Claims/span_Select One_k-select")): Object: 'Object Repository/Page_ClaimFiling - Easy Claims/Page_File Claim - Easy Claims/span_Select One_k-select' is clicked on

28-10-2024T11:07:34 - [MESSAGE][PASSED] - Object: 'Object Repository/Page_ClaimFiling - Easy Claims/Page_File Claim - Easy Claims/span_Select One_k-select' is clicked on

28-10-2024T11:07:34 - [TEST_STEP][PASSED] - click(findTestObject("Object Repository/Page_ClaimFiling - Easy Claims/Page_File Claim - Easy Claims/li_Individually Paying")): Object: 'Object Repository/Page_ClaimFiling - Easy Claims/Page_File Claim - Easy Claims/li_Individually Paying' is clicked on

28-10-2024T11:07:34 - [MESSAGE][PASSED] - Object: 'Object Repository/Page_ClaimFiling - Easy Claims/Page_File Claim - Easy Claims/li_Individually Paying' is clicked on

28-10-2024T11:07:34 - [TEST_STEP][PASSED] - click(findTestObject("Object Repository/Page_ClaimFiling - Easy Claims/Page_File Claim - Easy Claims/span_Select One_k-icon k-i-arrow-60-down")): Object: 'Object Repository/Page_ClaimFiling - Easy Claims/Page_File Claim - Easy Claims/span_Select One_k-icon k-i-arrow-60-down' is clicked on

28-10-2024T11:07:35 - [MESSAGE][PASSED] - Object: 'Object Repository/Page_ClaimFiling - Easy Claims/Page_File Claim - Easy Claims/span_Select One_k-icon k-i-arrow-60-down' is clicked on

28-10-2024T11:07:35 - [TEST_STEP][PASSED] - click(findTestObject("Object Repository/Page_ClaimFiling - Easy Claims/Page_File Claim - Easy Claims/li_Member (Self)")): Object: 'Object Repository/Page_ClaimFiling - Easy Claims/Page_File Claim - Easy Claims/li_Member (Self)' is clicked on

28-10-2024T11:07:35 - [MESSAGE][PASSED] - Object: 'Object Repository/Page_ClaimFiling - Easy Claims/Page_File Claim - Easy Claims/li_Member (Self)' is clicked on

28-10-2024T11:07:35 - [TEST_STEP][PASSED] - sendKeys(findTestObject("Object Repository/Page_ClaimFiling - Easy Claims/Page_File Claim - Easy Claims/input_Admission Date and Time_AdmissionDateTime"), "9/23/2024 12:00 AM"): Keys '9/23/2024 12:00 AM' sent to object: 'Object Repository/Page_ClaimFiling - Easy Claims/Page_File Claim - Easy Claims/input_Admission Date and Time_AdmissionDateTime'

28-10-2024T11:07:36 - [MESSAGE][PASSED] - Keys '9/23/2024 12:00 AM' sent to object: 'Object Repository/Page_ClaimFiling - Easy Claims/Page_File Claim - Easy Claims/input_Admission Date and Time_AdmissionDateTime'

28-10-2024T11:07:36 - [TEST_STEP][PASSED] - sendKeys(findTestObject("Object Repository/Page_ClaimFiling - Easy Claims/Page_File Claim - Easy Claims/input_Discharge Date and Time_DischargeDateTime"), "9/24/2024 11:00 PM"): Keys '9/24/2024 11:00 PM' sent to object: 'Object Repository/Page_ClaimFiling - Easy Claims/Page_File Claim - Easy Claims/input_Discharge Date and Time_DischargeDateTime'

28-10-2024T11:07:36 - [MESSAGE][PASSED] - Keys '9/24/2024 11:00 PM' sent to object: 'Object Repository/Page_ClaimFiling - Easy Claims/Page_File Claim - Easy Claims/input_Discharge Date and Time_DischargeDateTime'

28-10-2024T11:07:36 - [TEST_STEP][PASSED] - click(findTestObject("Object Repository/Page_ClaimFiling - Easy Claims/Page_File Claim - Easy Claims/input_Save for E-Claims_IsFinal")): Object: 'Object Repository/Page_ClaimFiling - Easy Claims/Page_File Claim - Easy Claims/input_Save for E-Claims_IsFinal' is clicked on

28-10-2024T11:07:37 - [MESSAGE][PASSED] - Object: 'Object Repository/Page_ClaimFiling - Easy Claims/Page_File Claim - Easy Claims/input_Save for E-Claims_IsFinal' is clicked on

28-10-2024T11:07:37 - [TEST_STEP][PASSED] - click(findTestObject("Object Repository/Page_ClaimFiling - Easy Claims/Page_File Claim - Easy Claims/input_Transmittal Number_TransmittalNo")): Object: 'Object Repository/Page_ClaimFiling - Easy Claims/Page_File Claim - Easy Claims/input_Transmittal Number_TransmittalNo' is clicked on

28-10-2024T11:07:37 - [MESSAGE][PASSED] - Object: 'Object Repository/Page_ClaimFiling - Easy Claims/Page_File Claim - Easy Claims/input_Transmittal Number_TransmittalNo' is clicked on

28-10-2024T11:07:37 - [TEST_STEP][PASSED] - sendKeys(findTestObject("Object Repository/Page_ClaimFiling - Easy Claims/Page_File Claim - Easy Claims/input_Transmittal Number_TransmittalNo"), "DRGTRANS10"): Keys 'DRGTRANS10' sent to object: 'Object Repository/Page_ClaimFiling - Easy Claims/Page_File Claim - Easy Claims/input_Transmittal Number_TransmittalNo'

28-10-2024T11:07:37 - [MESSAGE][PASSED] - Keys 'DRGTRANS10' sent to object: 'Object Repository/Page_ClaimFiling - Easy Claims/Page_File Claim - Easy Claims/input_Transmittal Number_TransmittalNo'

28-10-2024T11:07:37 - [TEST_STEP][PASSED] - doubleClick(findTestObject("Object Repository/Page_ClaimFiling - Easy Claims/Page_File Claim - Easy Claims/input_Transmittal Number_TransmittalNo")): Object: 'Object Repository/Page_ClaimFiling - Easy Claims/Page_File Claim - Easy Claims/input_Transmittal Number_TransmittalNo' is double clicked on

28-10-2024T11:07:38 - [MESSAGE][PASSED] - Object: 'Object Repository/Page_ClaimFiling - Easy Claims/Page_File Claim - Easy Claims/input_Transmittal Number_TransmittalNo' is double clicked on

28-10-2024T11:07:38 - [TEST_STEP][PASSED] - sendKeys(findTestObject("Object Repository/Page_ClaimFiling - Easy Claims/Page_File Claim - Easy Claims/input_Claim Number_ClaimNumber"), "DRGCLAIMS10"): Keys 'DRGCLAIMS10' sent to object: 'Object Repository/Page_ClaimFiling - Easy Claims/Page_File Claim - Easy Claims/input_Claim Number_ClaimNumber'

28-10-2024T11:07:38 - [MESSAGE][PASSED] - Keys 'DRGCLAIMS10' sent to object: 'Object Repository/Page_ClaimFiling - Easy Claims/Page_File Claim - Easy Claims/input_Claim Number_ClaimNumber'

28-10-2024T11:07:38 - [TEST_STEP][PASSED] - click(findTestObject("Object Repository/Page_ClaimFiling - Easy Claims/Page_File Claim - Easy Claims/input_Please ensure that all of the entered_eacd21")): Object: 'Object Repository/Page_ClaimFiling - Easy Claims/Page_File Claim - Easy Claims/input_Please ensure that all of the entered_eacd21' is clicked on

28-10-2024T11:07:38 - [MESSAGE][PASSED] - Object: 'Object Repository/Page_ClaimFiling - Easy Claims/Page_File Claim - Easy Claims/input_Please ensure that all of the entered_eacd21' is clicked on

28-10-2024T11:07:38 - [TEST_STEP][PASSED] - click(findTestObject("Object Repository/Page_ClaimFiling - Easy Claims/Page_PBEF - Easy Claims/input_Generating and printing of this form _08f184")): Object: 'Object Repository/Page_ClaimFiling - Easy Claims/Page_PBEF - Easy Claims/input_Generating and printing of this form _08f184' is clicked on

28-10-2024T11:07:40 - [MESSAGE][PASSED] - Object: 'Object Repository/Page_ClaimFiling - Easy Claims/Page_PBEF - Easy Claims/input_Generating and printing of this form _08f184' is clicked on

28-10-2024T11:07:40 - [TEST_STEP][PASSED] - click(findTestObject("Object Repository/Page_ClaimFiling - Easy Claims/Page_PBEF - Easy Claims/input_Generating and printing of this form _e07ca8")): Object: 'Object Repository/Page_ClaimFiling - Easy Claims/Page_PBEF - Easy Claims/input_Generating and printing of this form _e07ca8' is clicked on

28-10-2024T11:07:41 - [MESSAGE][PASSED] - Object: 'Object Repository/Page_ClaimFiling - Easy Claims/Page_PBEF - Easy Claims/input_Generating and printing of this form _e07ca8' is clicked on

28-10-2024T11:07:41 - [TEST_STEP][PASSED] - navigateToUrl("http://172.30.1.26/OPSUI.EasyClaims.Legacy/Claim/Eligibility?forEditing=False"): Navigate to 'http://172.30.1.26/OPSUI.EasyClaims.Legacy/Claim/Eligibility?forEditing=False' successfully

28-10-2024T11:07:41 - [MESSAGE][PASSED] - Navigate to 'http://172.30.1.26/OPSUI.EasyClaims.Legacy/Claim/Eligibility?forEditing=False' successfully

28-10-2024T11:07:41 - [TEST_STEP][PASSED] - click(findTestObject("Object Repository/Page_ClaimFiling - Easy Claims/Page_File Claim - Easy Claims/input_Please ensure that all of the entered_eacd21")): Object: 'Object Repository/Page_ClaimFiling - Easy Claims/Page_File Claim - Easy Claims/input_Please ensure that all of the entered_eacd21' is clicked on

28-10-2024T11:07:42 - [MESSAGE][PASSED] - Object: 'Object Repository/Page_ClaimFiling - Easy Claims/Page_File Claim - Easy Claims/input_Please ensure that all of the entered_eacd21' is clicked on]]></system-out>
         <system-err><![CDATA[]]></system-err>
      </testcase>
      <testcase name="Test Cases/EasyClaimLegacyFileClaiming_ConfinementInformation" time="0.023" classname="Test Cases/EasyClaimLegacyFileClaiming_ConfinementInformation" status="FAILED">
         <failure type="FAILED" message="Test Cases/EasyClaimLegacyFileClaiming_ConfinementInformation FAILED.&#xa;Reason:&#xa;com.kms.katalon.core.exception.StepFailedException: Unable to click on object&#xa;	at com.kms.katalon.core.webui.keyword.internal.WebUIKeywordMain.stepFailed(WebUIKeywordMain.groovy:117)&#xa;	at com.kms.katalon.core.webui.keyword.internal.WebUIKeywordMain.runKeyword(WebUIKeywordMain.groovy:43)&#xa;	at com.kms.katalon.core.webui.keyword.builtin.ClickKeyword.click(ClickKeyword.groovy:74)&#xa;	at com.kms.katalon.core.webui.keyword.builtin.ClickKeyword.execute(ClickKeyword.groovy:40)&#xa;	at com.kms.katalon.core.keyword.internal.KeywordExecutor.executeKeywordForPlatform(KeywordExecutor.groovy:74)&#xa;	at com.kms.katalon.core.webui.keyword.WebUiBuiltInKeywords.click(WebUiBuiltInKeywords.groovy:659)&#xa;	at EasyClaimLegacyFileClaiming_ConfinementInformation.run(EasyClaimLegacyFileClaiming_ConfinementInformation:20)&#xa;	at com.kms.katalon.core.main.ScriptEngine.run(ScriptEngine.java:194)&#xa;	at com.kms.katalon.core.main.ScriptEngine.runScriptAsRawText(ScriptEngine.java:119)&#xa;	at com.kms.katalon.core.main.TestCaseExecutor.runScript(TestCaseExecutor.java:448)&#xa;	at com.kms.katalon.core.main.TestCaseExecutor.doExecute(TestCaseExecutor.java:439)&#xa;	at com.kms.katalon.core.main.TestCaseExecutor.processExecutionPhase(TestCaseExecutor.java:418)&#xa;	at com.kms.katalon.core.main.TestCaseExecutor.accessMainPhase(TestCaseExecutor.java:410)&#xa;	at com.kms.katalon.core.main.TestCaseExecutor.execute(TestCaseExecutor.java:285)&#xa;	at com.kms.katalon.core.main.TestCaseExecutor.execute(TestCaseExecutor.java:369)&#xa;	at com.kms.katalon.core.main.TestCaseExecutor.execute(TestCaseExecutor.java:369)&#xa;	at com.kms.katalon.core.main.TestCaseExecutor.execute(TestCaseExecutor.java:369)&#xa;	at com.kms.katalon.core.common.CommonExecutor.accessTestCaseMainPhase(CommonExecutor.java:65)&#xa;	at com.kms.katalon.core.main.TestSuiteExecutor.accessTestSuiteMainPhase(TestSuiteExecutor.java:150)&#xa;	at com.kms.katalon.core.main.TestSuiteExecutor.execute(TestSuiteExecutor.java:106)&#xa;	at com.kms.katalon.core.main.TestCaseMain.startTestSuite(TestCaseMain.java:180)&#xa;	at TempTestSuite1730084802326.run(TempTestSuite1730084802326.groovy:35)&#xa;	at java.base/jdk.internal.reflect.NativeMethodAccessorImpl.invoke0(Native Method)&#xa;	at java.base/jdk.internal.reflect.NativeMethodAccessorImpl.invoke(NativeMethodAccessorImpl.java:77)&#xa;	at java.base/jdk.internal.reflect.DelegatingMethodAccessorImpl.invoke(DelegatingMethodAccessorImpl.java:43)&#xa;Caused by: java.lang.IllegalArgumentException: Object is null&#xa;	at com.kms.katalon.core.helper.KeywordHelper.checkTestObjectParameter(KeywordHelper.java:33)&#xa;	at com.kms.katalon.core.webui.keyword.builtin.ClickKeyword$_click_closure1.doCall(ClickKeyword.groovy:62)&#xa;	at com.kms.katalon.core.webui.keyword.builtin.ClickKeyword$_click_closure1.call(ClickKeyword.groovy)&#xa;	at com.kms.katalon.core.webui.keyword.internal.WebUIKeywordMain.runKeyword(WebUIKeywordMain.groovy:35)&#xa;	... 23 more&#xa;"/>
         <system-out><![CDATA[28-10-2024T11:07:43 - [TEST_CASE][FAILED] - Test Cases/EasyClaimLegacyFileClaiming_ConfinementInformation: Test Cases/EasyClaimLegacyFileClaiming_ConfinementInformation FAILED.
Reason:
com.kms.katalon.core.exception.StepFailedException: Unable to click on object
	at com.kms.katalon.core.webui.keyword.internal.WebUIKeywordMain.stepFailed(WebUIKeywordMain.groovy:117)
	at com.kms.katalon.core.webui.keyword.internal.WebUIKeywordMain.runKeyword(WebUIKeywordMain.groovy:43)
	at com.kms.katalon.core.webui.keyword.builtin.ClickKeyword.click(ClickKeyword.groovy:74)
	at com.kms.katalon.core.webui.keyword.builtin.ClickKeyword.execute(ClickKeyword.groovy:40)
	at com.kms.katalon.core.keyword.internal.KeywordExecutor.executeKeywordForPlatform(KeywordExecutor.groovy:74)
	at com.kms.katalon.core.webui.keyword.WebUiBuiltInKeywords.click(WebUiBuiltInKeywords.groovy:659)
	at EasyClaimLegacyFileClaiming_ConfinementInformation.run(EasyClaimLegacyFileClaiming_ConfinementInformation:20)
	at com.kms.katalon.core.main.ScriptEngine.run(ScriptEngine.java:194)
	at com.kms.katalon.core.main.ScriptEngine.runScriptAsRawText(ScriptEngine.java:119)
	at com.kms.katalon.core.main.TestCaseExecutor.runScript(TestCaseExecutor.java:448)
	at com.kms.katalon.core.main.TestCaseExecutor.doExecute(TestCaseExecutor.java:439)
	at com.kms.katalon.core.main.TestCaseExecutor.processExecutionPhase(TestCaseExecutor.java:418)
	at com.kms.katalon.core.main.TestCaseExecutor.accessMainPhase(TestCaseExecutor.java:410)
	at com.kms.katalon.core.main.TestCaseExecutor.execute(TestCaseExecutor.java:285)
	at com.kms.katalon.core.main.TestCaseExecutor.execute(TestCaseExecutor.java:369)
	at com.kms.katalon.core.main.TestCaseExecutor.execute(TestCaseExecutor.java:369)
	at com.kms.katalon.core.main.TestCaseExecutor.execute(TestCaseExecutor.java:369)
	at com.kms.katalon.core.common.CommonExecutor.accessTestCaseMainPhase(CommonExecutor.java:65)
	at com.kms.katalon.core.main.TestSuiteExecutor.accessTestSuiteMainPhase(TestSuiteExecutor.java:150)
	at com.kms.katalon.core.main.TestSuiteExecutor.execute(TestSuiteExecutor.java:106)
	at com.kms.katalon.core.main.TestCaseMain.startTestSuite(TestCaseMain.java:180)
	at TempTestSuite1730084802326.run(TempTestSuite1730084802326.groovy:35)
	at java.base/jdk.internal.reflect.NativeMethodAccessorImpl.invoke0(Native Method)
	at java.base/jdk.internal.reflect.NativeMethodAccessorImpl.invoke(NativeMethodAccessorImpl.java:77)
	at java.base/jdk.internal.reflect.DelegatingMethodAccessorImpl.invoke(DelegatingMethodAccessorImpl.java:43)
Caused by: java.lang.IllegalArgumentException: Object is null
	at com.kms.katalon.core.helper.KeywordHelper.checkTestObjectParameter(KeywordHelper.java:33)
	at com.kms.katalon.core.webui.keyword.builtin.ClickKeyword$_click_closure1.doCall(ClickKeyword.groovy:62)
	at com.kms.katalon.core.webui.keyword.builtin.ClickKeyword$_click_closure1.call(ClickKeyword.groovy)
	at com.kms.katalon.core.webui.keyword.internal.WebUIKeywordMain.runKeyword(WebUIKeywordMain.groovy:35)
	... 23 more


28-10-2024T11:07:43 - [TEST_STEP][FAILED] - click(findTestObject("Object Repository/ClaimFiling_ConfinementInformation1/Page_Confinement Information - Easy Claims/input_Yes_PatientReferred")): Unable to click on object (Root cause: com.kms.katalon.core.exception.StepFailedException: Unable to click on object
	at com.kms.katalon.core.webui.keyword.internal.WebUIKeywordMain.stepFailed(WebUIKeywordMain.groovy:117)
	at com.kms.katalon.core.webui.keyword.internal.WebUIKeywordMain.runKeyword(WebUIKeywordMain.groovy:43)
	at com.kms.katalon.core.webui.keyword.builtin.ClickKeyword.click(ClickKeyword.groovy:74)
	at com.kms.katalon.core.webui.keyword.builtin.ClickKeyword.execute(ClickKeyword.groovy:40)
	at com.kms.katalon.core.keyword.internal.KeywordExecutor.executeKeywordForPlatform(KeywordExecutor.groovy:74)
	at com.kms.katalon.core.webui.keyword.WebUiBuiltInKeywords.click(WebUiBuiltInKeywords.groovy:659)
	at EasyClaimLegacyFileClaiming_ConfinementInformation.run(EasyClaimLegacyFileClaiming_ConfinementInformation:20)
	at com.kms.katalon.core.main.ScriptEngine.run(ScriptEngine.java:194)
	at com.kms.katalon.core.main.ScriptEngine.runScriptAsRawText(ScriptEngine.java:119)
	at com.kms.katalon.core.main.TestCaseExecutor.runScript(TestCaseExecutor.java:448)
	at com.kms.katalon.core.main.TestCaseExecutor.doExecute(TestCaseExecutor.java:439)
	at com.kms.katalon.core.main.TestCaseExecutor.processExecutionPhase(TestCaseExecutor.java:418)
	at com.kms.katalon.core.main.TestCaseExecutor.accessMainPhase(TestCaseExecutor.java:410)
	at com.kms.katalon.core.main.TestCaseExecutor.execute(TestCaseExecutor.java:285)
	at com.kms.katalon.core.main.TestCaseExecutor.execute(TestCaseExecutor.java:369)
	at com.kms.katalon.core.main.TestCaseExecutor.execute(TestCaseExecutor.java:369)
	at com.kms.katalon.core.main.TestCaseExecutor.execute(TestCaseExecutor.java:369)
	at com.kms.katalon.core.common.CommonExecutor.accessTestCaseMainPhase(CommonExecutor.java:65)
	at com.kms.katalon.core.main.TestSuiteExecutor.accessTestSuiteMainPhase(TestSuiteExecutor.java:150)
	at com.kms.katalon.core.main.TestSuiteExecutor.execute(TestSuiteExecutor.java:106)
	at com.kms.katalon.core.main.TestCaseMain.startTestSuite(TestCaseMain.java:180)
	at TempTestSuite1730084802326.run(TempTestSuite1730084802326.groovy:35)
	at java.base/jdk.internal.reflect.NativeMethodAccessorImpl.invoke0(Native Method)
	at java.base/jdk.internal.reflect.NativeMethodAccessorImpl.invoke(NativeMethodAccessorImpl.java:77)
	at java.base/jdk.internal.reflect.DelegatingMethodAccessorImpl.invoke(DelegatingMethodAccessorImpl.java:43)
Caused by: java.lang.IllegalArgumentException: Object is null
	at com.kms.katalon.core.helper.KeywordHelper.checkTestObjectParameter(KeywordHelper.java:33)
	at com.kms.katalon.core.webui.keyword.builtin.ClickKeyword$_click_closure1.doCall(ClickKeyword.groovy:62)
	at com.kms.katalon.core.webui.keyword.builtin.ClickKeyword$_click_closure1.call(ClickKeyword.groovy)
	at com.kms.katalon.core.webui.keyword.internal.WebUIKeywordMain.runKeyword(WebUIKeywordMain.groovy:35)
	at com.kms.katalon.core.webui.keyword.builtin.ClickKeyword.click(ClickKeyword.groovy:74)
	at com.kms.katalon.core.webui.keyword.builtin.ClickKeyword.execute(ClickKeyword.groovy:40)
	at com.kms.katalon.core.keyword.internal.KeywordExecutor.executeKeywordForPlatform(KeywordExecutor.groovy:74)
	at com.kms.katalon.core.webui.keyword.WebUiBuiltInKeywords.click(WebUiBuiltInKeywords.groovy:659)
	at Script1730077825936.run(Script1730077825936.groovy:20)
	... 18 more
)

28-10-2024T11:07:43 - [MESSAGE][WARNING] - Test object with id 'Object Repository/ClaimFiling_ConfinementInformation1/Page_Confinement Information - Easy Claims/input_Yes_PatientReferred' does not exist

28-10-2024T11:07:43 - [MESSAGE][WARNING] - Test object with id 'Object Repository/' does not exist

28-10-2024T11:07:43 - [MESSAGE][FAILED] - Unable to click on object (Root cause: com.kms.katalon.core.exception.StepFailedException: Unable to click on object
	at com.kms.katalon.core.webui.keyword.internal.WebUIKeywordMain.stepFailed(WebUIKeywordMain.groovy:117)
	at com.kms.katalon.core.webui.keyword.internal.WebUIKeywordMain.runKeyword(WebUIKeywordMain.groovy:43)
	at com.kms.katalon.core.webui.keyword.builtin.ClickKeyword.click(ClickKeyword.groovy:74)
	at com.kms.katalon.core.webui.keyword.builtin.ClickKeyword.execute(ClickKeyword.groovy:40)
	at com.kms.katalon.core.keyword.internal.KeywordExecutor.executeKeywordForPlatform(KeywordExecutor.groovy:74)
	at com.kms.katalon.core.webui.keyword.WebUiBuiltInKeywords.click(WebUiBuiltInKeywords.groovy:659)
	at EasyClaimLegacyFileClaiming_ConfinementInformation.run(EasyClaimLegacyFileClaiming_ConfinementInformation:20)
	at com.kms.katalon.core.main.ScriptEngine.run(ScriptEngine.java:194)
	at com.kms.katalon.core.main.ScriptEngine.runScriptAsRawText(ScriptEngine.java:119)
	at com.kms.katalon.core.main.TestCaseExecutor.runScript(TestCaseExecutor.java:448)
	at com.kms.katalon.core.main.TestCaseExecutor.doExecute(TestCaseExecutor.java:439)
	at com.kms.katalon.core.main.TestCaseExecutor.processExecutionPhase(TestCaseExecutor.java:418)
	at com.kms.katalon.core.main.TestCaseExecutor.accessMainPhase(TestCaseExecutor.java:410)
	at com.kms.katalon.core.main.TestCaseExecutor.execute(TestCaseExecutor.java:285)
	at com.kms.katalon.core.main.TestCaseExecutor.execute(TestCaseExecutor.java:369)
	at com.kms.katalon.core.main.TestCaseExecutor.execute(TestCaseExecutor.java:369)
	at com.kms.katalon.core.main.TestCaseExecutor.execute(TestCaseExecutor.java:369)
	at com.kms.katalon.core.common.CommonExecutor.accessTestCaseMainPhase(CommonExecutor.java:65)
	at com.kms.katalon.core.main.TestSuiteExecutor.accessTestSuiteMainPhase(TestSuiteExecutor.java:150)
	at com.kms.katalon.core.main.TestSuiteExecutor.execute(TestSuiteExecutor.java:106)
	at com.kms.katalon.core.main.TestCaseMain.startTestSuite(TestCaseMain.java:180)
	at TempTestSuite1730084802326.run(TempTestSuite1730084802326.groovy:35)
	at java.base/jdk.internal.reflect.NativeMethodAccessorImpl.invoke0(Native Method)
	at java.base/jdk.internal.reflect.NativeMethodAccessorImpl.invoke(NativeMethodAccessorImpl.java:77)
	at java.base/jdk.internal.reflect.DelegatingMethodAccessorImpl.invoke(DelegatingMethodAccessorImpl.java:43)
Caused by: java.lang.IllegalArgumentException: Object is null
	at com.kms.katalon.core.helper.KeywordHelper.checkTestObjectParameter(KeywordHelper.java:33)
	at com.kms.katalon.core.webui.keyword.builtin.ClickKeyword$_click_closure1.doCall(ClickKeyword.groovy:62)
	at com.kms.katalon.core.webui.keyword.builtin.ClickKeyword$_click_closure1.call(ClickKeyword.groovy)
	at com.kms.katalon.core.webui.keyword.internal.WebUIKeywordMain.runKeyword(WebUIKeywordMain.groovy:35)
	at com.kms.katalon.core.webui.keyword.builtin.ClickKeyword.click(ClickKeyword.groovy:74)
	at com.kms.katalon.core.webui.keyword.builtin.ClickKeyword.execute(ClickKeyword.groovy:40)
	at com.kms.katalon.core.keyword.internal.KeywordExecutor.executeKeywordForPlatform(KeywordExecutor.groovy:74)
	at com.kms.katalon.core.webui.keyword.WebUiBuiltInKeywords.click(WebUiBuiltInKeywords.groovy:659)
	at Script1730077825936.run(Script1730077825936.groovy:20)
	... 18 more
)]]></system-out>
         <system-err><![CDATA[28-10-2024T11:07:43 - [TEST_CASE][FAILED] - Test Cases/EasyClaimLegacyFileClaiming_ConfinementInformation: Test Cases/EasyClaimLegacyFileClaiming_ConfinementInformation FAILED.
Reason:
com.kms.katalon.core.exception.StepFailedException: Unable to click on object
	at com.kms.katalon.core.webui.keyword.internal.WebUIKeywordMain.stepFailed(WebUIKeywordMain.groovy:117)
	at com.kms.katalon.core.webui.keyword.internal.WebUIKeywordMain.runKeyword(WebUIKeywordMain.groovy:43)
	at com.kms.katalon.core.webui.keyword.builtin.ClickKeyword.click(ClickKeyword.groovy:74)
	at com.kms.katalon.core.webui.keyword.builtin.ClickKeyword.execute(ClickKeyword.groovy:40)
	at com.kms.katalon.core.keyword.internal.KeywordExecutor.executeKeywordForPlatform(KeywordExecutor.groovy:74)
	at com.kms.katalon.core.webui.keyword.WebUiBuiltInKeywords.click(WebUiBuiltInKeywords.groovy:659)
	at EasyClaimLegacyFileClaiming_ConfinementInformation.run(EasyClaimLegacyFileClaiming_ConfinementInformation:20)
	at com.kms.katalon.core.main.ScriptEngine.run(ScriptEngine.java:194)
	at com.kms.katalon.core.main.ScriptEngine.runScriptAsRawText(ScriptEngine.java:119)
	at com.kms.katalon.core.main.TestCaseExecutor.runScript(TestCaseExecutor.java:448)
	at com.kms.katalon.core.main.TestCaseExecutor.doExecute(TestCaseExecutor.java:439)
	at com.kms.katalon.core.main.TestCaseExecutor.processExecutionPhase(TestCaseExecutor.java:418)
	at com.kms.katalon.core.main.TestCaseExecutor.accessMainPhase(TestCaseExecutor.java:410)
	at com.kms.katalon.core.main.TestCaseExecutor.execute(TestCaseExecutor.java:285)
	at com.kms.katalon.core.main.TestCaseExecutor.execute(TestCaseExecutor.java:369)
	at com.kms.katalon.core.main.TestCaseExecutor.execute(TestCaseExecutor.java:369)
	at com.kms.katalon.core.main.TestCaseExecutor.execute(TestCaseExecutor.java:369)
	at com.kms.katalon.core.common.CommonExecutor.accessTestCaseMainPhase(CommonExecutor.java:65)
	at com.kms.katalon.core.main.TestSuiteExecutor.accessTestSuiteMainPhase(TestSuiteExecutor.java:150)
	at com.kms.katalon.core.main.TestSuiteExecutor.execute(TestSuiteExecutor.java:106)
	at com.kms.katalon.core.main.TestCaseMain.startTestSuite(TestCaseMain.java:180)
	at TempTestSuite1730084802326.run(TempTestSuite1730084802326.groovy:35)
	at java.base/jdk.internal.reflect.NativeMethodAccessorImpl.invoke0(Native Method)
	at java.base/jdk.internal.reflect.NativeMethodAccessorImpl.invoke(NativeMethodAccessorImpl.java:77)
	at java.base/jdk.internal.reflect.DelegatingMethodAccessorImpl.invoke(DelegatingMethodAccessorImpl.java:43)
Caused by: java.lang.IllegalArgumentException: Object is null
	at com.kms.katalon.core.helper.KeywordHelper.checkTestObjectParameter(KeywordHelper.java:33)
	at com.kms.katalon.core.webui.keyword.builtin.ClickKeyword$_click_closure1.doCall(ClickKeyword.groovy:62)
	at com.kms.katalon.core.webui.keyword.builtin.ClickKeyword$_click_closure1.call(ClickKeyword.groovy)
	at com.kms.katalon.core.webui.keyword.internal.WebUIKeywordMain.runKeyword(WebUIKeywordMain.groovy:35)
	... 23 more]]></system-err>
      </testcase>
      <system-out><![CDATA[28-10-2024T11:06:52 - [TEST_SUITE][FAILED] - EC Legacy Regression Testing, OPSUI(eSOA Enhancement): Test Cases/EasyClaimLegacyFileClaiming_ConfinementInformation FAILED.
Reason:
com.kms.katalon.core.exception.StepFailedException: Unable to click on object
	at com.kms.katalon.core.webui.keyword.internal.WebUIKeywordMain.stepFailed(WebUIKeywordMain.groovy:117)
	at com.kms.katalon.core.webui.keyword.internal.WebUIKeywordMain.runKeyword(WebUIKeywordMain.groovy:43)
	at com.kms.katalon.core.webui.keyword.builtin.ClickKeyword.click(ClickKeyword.groovy:74)
	at com.kms.katalon.core.webui.keyword.builtin.ClickKeyword.execute(ClickKeyword.groovy:40)
	at com.kms.katalon.core.keyword.internal.KeywordExecutor.executeKeywordForPlatform(KeywordExecutor.groovy:74)
	at com.kms.katalon.core.webui.keyword.WebUiBuiltInKeywords.click(WebUiBuiltInKeywords.groovy:659)
	at EasyClaimLegacyFileClaiming_ConfinementInformation.run(EasyClaimLegacyFileClaiming_ConfinementInformation:20)
	at com.kms.katalon.core.main.ScriptEngine.run(ScriptEngine.java:194)
	at com.kms.katalon.core.main.ScriptEngine.runScriptAsRawText(ScriptEngine.java:119)
	at com.kms.katalon.core.main.TestCaseExecutor.runScript(TestCaseExecutor.java:448)
	at com.kms.katalon.core.main.TestCaseExecutor.doExecute(TestCaseExecutor.java:439)
	at com.kms.katalon.core.main.TestCaseExecutor.processExecutionPhase(TestCaseExecutor.java:418)
	at com.kms.katalon.core.main.TestCaseExecutor.accessMainPhase(TestCaseExecutor.java:410)
	at com.kms.katalon.core.main.TestCaseExecutor.execute(TestCaseExecutor.java:285)
	at com.kms.katalon.core.common.CommonExecutor.accessTestCaseMainPhase(CommonExecutor.java:65)
	at com.kms.katalon.core.main.TestSuiteExecutor.accessTestSuiteMainPhase(TestSuiteExecutor.java:150)
	at com.kms.katalon.core.main.TestSuiteExecutor.execute(TestSuiteExecutor.java:106)
	at com.kms.katalon.core.main.TestCaseMain.startTestSuite(TestCaseMain.java:180)
	at TempTestSuite1730084802326.run(TempTestSuite1730084802326.groovy:35)
	at java.base/jdk.internal.reflect.NativeMethodAccessorImpl.invoke0(Native Method)
	at java.base/jdk.internal.reflect.NativeMethodAccessorImpl.invoke(NativeMethodAccessorImpl.java:77)
	at java.base/jdk.internal.reflect.DelegatingMethodAccessorImpl.invoke(DelegatingMethodAccessorImpl.java:43)
Caused by: java.lang.IllegalArgumentException: Object is null
	at com.kms.katalon.core.helper.KeywordHelper.checkTestObjectParameter(KeywordHelper.java:33)
	at com.kms.katalon.core.webui.keyword.builtin.ClickKeyword$_click_closure1.doCall(ClickKeyword.groovy:62)
	at com.kms.katalon.core.webui.keyword.builtin.ClickKeyword$_click_closure1.call(ClickKeyword.groovy)
	at com.kms.katalon.core.webui.keyword.internal.WebUIKeywordMain.runKeyword(WebUIKeywordMain.groovy:35)
	... 20 more]]></system-out>
      <system-err><![CDATA[28-10-2024T11:06:52 - [TEST_SUITE][FAILED] - EC Legacy Regression Testing, OPSUI(eSOA Enhancement): Test Cases/EasyClaimLegacyFileClaiming_ConfinementInformation FAILED.
Reason:
com.kms.katalon.core.exception.StepFailedException: Unable to click on object
	at com.kms.katalon.core.webui.keyword.internal.WebUIKeywordMain.stepFailed(WebUIKeywordMain.groovy:117)
	at com.kms.katalon.core.webui.keyword.internal.WebUIKeywordMain.runKeyword(WebUIKeywordMain.groovy:43)
	at com.kms.katalon.core.webui.keyword.builtin.ClickKeyword.click(ClickKeyword.groovy:74)
	at com.kms.katalon.core.webui.keyword.builtin.ClickKeyword.execute(ClickKeyword.groovy:40)
	at com.kms.katalon.core.keyword.internal.KeywordExecutor.executeKeywordForPlatform(KeywordExecutor.groovy:74)
	at com.kms.katalon.core.webui.keyword.WebUiBuiltInKeywords.click(WebUiBuiltInKeywords.groovy:659)
	at EasyClaimLegacyFileClaiming_ConfinementInformation.run(EasyClaimLegacyFileClaiming_ConfinementInformation:20)
	at com.kms.katalon.core.main.ScriptEngine.run(ScriptEngine.java:194)
	at com.kms.katalon.core.main.ScriptEngine.runScriptAsRawText(ScriptEngine.java:119)
	at com.kms.katalon.core.main.TestCaseExecutor.runScript(TestCaseExecutor.java:448)
	at com.kms.katalon.core.main.TestCaseExecutor.doExecute(TestCaseExecutor.java:439)
	at com.kms.katalon.core.main.TestCaseExecutor.processExecutionPhase(TestCaseExecutor.java:418)
	at com.kms.katalon.core.main.TestCaseExecutor.accessMainPhase(TestCaseExecutor.java:410)
	at com.kms.katalon.core.main.TestCaseExecutor.execute(TestCaseExecutor.java:285)
	at com.kms.katalon.core.common.CommonExecutor.accessTestCaseMainPhase(CommonExecutor.java:65)
	at com.kms.katalon.core.main.TestSuiteExecutor.accessTestSuiteMainPhase(TestSuiteExecutor.java:150)
	at com.kms.katalon.core.main.TestSuiteExecutor.execute(TestSuiteExecutor.java:106)
	at com.kms.katalon.core.main.TestCaseMain.startTestSuite(TestCaseMain.java:180)
	at TempTestSuite1730084802326.run(TempTestSuite1730084802326.groovy:35)
	at java.base/jdk.internal.reflect.NativeMethodAccessorImpl.invoke0(Native Method)
	at java.base/jdk.internal.reflect.NativeMethodAccessorImpl.invoke(NativeMethodAccessorImpl.java:77)
	at java.base/jdk.internal.reflect.DelegatingMethodAccessorImpl.invoke(DelegatingMethodAccessorImpl.java:43)
Caused by: java.lang.IllegalArgumentException: Object is null
	at com.kms.katalon.core.helper.KeywordHelper.checkTestObjectParameter(KeywordHelper.java:33)
	at com.kms.katalon.core.webui.keyword.builtin.ClickKeyword$_click_closure1.doCall(ClickKeyword.groovy:62)
	at com.kms.katalon.core.webui.keyword.builtin.ClickKeyword$_click_closure1.call(ClickKeyword.groovy)
	at com.kms.katalon.core.webui.keyword.internal.WebUIKeywordMain.runKeyword(WebUIKeywordMain.groovy:35)
	... 20 more]]></system-err>
   </testsuite>
</testsuites>
